<?xml version="1.0" encoding="UTF-8"?>
<!-- Generated by org.testng.reporters.JUnitReportReporter -->
<testsuite hostname="LAPTOP-DHECSI63" failures="0" tests="6" name="Pages.LoginPage" time="63.359" errors="0" timestamp="2023-01-05T11:50:06 IST" skipped="1">
  <testcase classname="Pages.LoginPage" name="errormessagesvalidationwithoutdata" time="3.783"/>
  <system-out/>
  <testcase classname="Pages.LoginPage" name="clickingobsubmitbuttonwithDomain" time="2.785"/>
  <system-out/>
  <testcase classname="Pages.LoginPage" name="loginPagewithValiCrdentails" time="15.166"/>
  <system-out/>
  <testcase classname="Pages.LoginPage" name="userManualVerification" time="21.267"/>
  <system-out/>
  <testcase classname="Pages.LoginPage" name="logout" time="20.358"/>
  <system-out/>
  <testcase classname="Pages.LoginPage" name="navigatingtoapplication">
    <skipped/>
  </testcase> <!-- navigatingtoapplication -->
  <system-out/>
</testsuite> <!-- Pages.LoginPage -->
