<?xml version="1.0" encoding="UTF-8"?>
<!-- Generated by org.testng.reporters.JUnitReportReporter -->
<testsuite hostname="LAPTOP-DHECSI63" failures="0" tests="1" name="Pages.TestLoginpageNew" time="18.049" errors="0" timestamp="2023-01-05T14:37:15 IST" skipped="0">
  <testcase classname="Pages.TestLoginpageNew" name="loginFuntionality" time="18.049"/>
  <system-out/>
</testsuite> <!-- Pages.TestLoginpageNew -->
