<?xml version="1.0" encoding="UTF-8"?>
<!-- Generated by org.testng.reporters.JUnitReportReporter -->
<testsuite hostname="LAPTOP-DHECSI63" failures="0" tests="2" name="ApiTesting.DashboardScreenApi" time="4.518" errors="0" timestamp="2023-01-04T14:40:36 IST" skipped="0">
  <testcase classname="ApiTesting.DashboardScreenApi" name="invenotryitem" time="0.398"/>
  <system-out/>
  <testcase classname="ApiTesting.DashboardScreenApi" name="dashboardouthapi" time="4.120"/>
  <system-out/>
</testsuite> <!-- ApiTesting.DashboardScreenApi -->
