<?xml version="1.0" encoding="UTF-8"?>
<!-- Generated by org.testng.reporters.JUnitReportReporter -->
<testsuite hostname="LAPTOP-DHECSI63" failures="0" tests="1" name="ApiTesting.LoginpageApitesting" time="0.991" errors="0" timestamp="04 Jan 2023 06:41:15 GMT" skipped="0">
  <testcase classname="ApiTesting.LoginpageApitesting" name="Test01_Get" time="0.991"/>
</testsuite> <!-- ApiTesting.LoginpageApitesting -->
