<?xml version="1.0" encoding="UTF-8"?>
<!-- Generated by org.testng.reporters.JUnitReportReporter -->
<testsuite hostname="LAPTOP-DHECSI63" failures="0" tests="1" name="Pages.TestLoginPage" time="8.531" errors="0" timestamp="2023-01-05T12:42:01 IST" skipped="0">
  <testcase classname="Pages.TestLoginPage" name="loginFuntionality" time="8.531"/>
  <system-out/>
</testsuite> <!-- Pages.TestLoginPage -->
