<?xml version="1.0" encoding="UTF-8"?>
<!-- Generated by org.testng.reporters.JUnitReportReporter -->
<testsuite hostname="LAPTOP-DHECSI63" failures="0" tests="1" name="Pages.Resutassuredpage" time="0.922" errors="0" timestamp="04 Jan 2023 06:06:09 GMT" skipped="0">
  <testcase classname="Pages.Resutassuredpage" name="Test01_Get" time="0.922"/>
</testsuite> <!-- Pages.Resutassuredpage -->
