<?xml version="1.0" encoding="UTF-8"?>
<!-- Generated by org.testng.reporters.JUnitReportReporter -->
<testsuite hostname="LAPTOP-DHECSI63" failures="0" tests="2" name="Pages.TestAdministrationPage" time="62.915" errors="0" timestamp="2023-01-05T18:11:05 IST" skipped="0">
  <testcase classname="Pages.TestAdministrationPage" name="loginPage" time="21.281"/>
  <system-out/>
  <testcase classname="Pages.TestAdministrationPage" name="administrationpage" time="41.634"/>
  <system-out/>
</testsuite> <!-- Pages.TestAdministrationPage -->
