<?xml version="1.0" encoding="UTF-8"?>
<!-- Generated by org.testng.reporters.JUnitReportReporter -->
<testsuite hostname="LAPTOP-DHECSI63" failures="0" tests="1" name="Pages.Loginpagem" time="2.431" errors="0" timestamp="2023-01-04T14:47:04 IST" skipped="0">
  <testcase classname="Pages.Loginpagem" name="login" time="2.431"/>
  <system-out/>
</testsuite> <!-- Pages.Loginpagem -->
